<?xml version="1.0" encoding="UTF-8"?>
<!-- Generated by org.testng.reporters.JUnitXMLReporter -->
<testsuite ignored="4" hostname="DESKTOP-94BPE5M" failures="1" tests="4" name="Test" time="39.98" errors="0" timestamp="2025-10-16T00:25:28 IST">
  <testcase classname="Amazon_Login_Automate.AmazonProject.TestSignIn" name="signIn" time="15.043"/>
  <testcase classname="Amazon_Login_Automate.AmazonProject.TestProductFilter" name="prodDetail" time="1.468"/>
  <testcase classname="Amazon_Login_Automate.AmazonProject.TestProductList" name="productListOperations" time="3.126"/>
  <testcase classname="Amazon_Login_Automate.AmazonProject.TestProductDetail" name="productDetail" time="9.238">
    <failure type="java.lang.AssertionError" message="expected [3] but found [2]">
      <![CDATA[java.lang.AssertionError: expected [3] but found [2]
at Amazon_Login_Automate.AmazonProject.pageObject.ProductDetail.productAddToCartOperation(ProductDetail.java:54)
at Amazon_Login_Automate.AmazonProject.TestProductDetail.productDetail(TestProductDetail.java:16)
at java.base/java.util.ArrayList.forEach(ArrayList.java:1596)
... Removed 32 stack frames]]>
    </failure>
  </testcase> <!-- productDetail -->
  <testcase classname="Amazon_Login_Automate.AmazonProject.BaseTest" name="@BeforeTest initializeDriver" time="0.0">
    <ignored/>
  </testcase> <!-- @BeforeTest initializeDriver -->
  <testcase classname="Amazon_Login_Automate.AmazonProject.BaseTest" name="@BeforeTest initializeDriver" time="0.0">
    <ignored/>
  </testcase> <!-- @BeforeTest initializeDriver -->
  <testcase classname="Amazon_Login_Automate.AmazonProject.BaseTest" name="@BeforeTest initializeDriver" time="0.0">
    <ignored/>
  </testcase> <!-- @BeforeTest initializeDriver -->
  <testcase classname="Amazon_Login_Automate.AmazonProject.BaseTest" name="@BeforeTest initializeDriver" time="0.0">
    <ignored/>
  </testcase> <!-- @BeforeTest initializeDriver -->
</testsuite> <!-- Test -->
