<?xml version="1.0" encoding="UTF-8"?>
<testng-results ignored="0" total="4" passed="3" failed="1" skipped="0">
  <reporter-output>
  </reporter-output>
  <suite started-at="2025-10-16T00:24:48 IST" name="Suite" finished-at="2025-10-16T00:25:28 IST" duration-ms="39980">
    <groups>
    </groups>
    <test started-at="2025-10-16T00:24:48 IST" name="Test" finished-at="2025-10-16T00:25:28 IST" duration-ms="39980">
      <class name="Amazon_Login_Automate.AmazonProject.TestProductList">
        <test-method signature="productListOperations()[pri:0, instance:Amazon_Login_Automate.AmazonProject.TestProductList@7c6908d7]" started-at="2025-10-16T00:25:16 IST" name="productListOperations" finished-at="2025-10-16T00:25:19 IST" duration-ms="3126" status="PASS">
          <reporter-output>
          </reporter-output>
        </test-method> <!-- productListOperations -->
      </class> <!-- Amazon_Login_Automate.AmazonProject.TestProductList -->
      <class name="Amazon_Login_Automate.AmazonProject.TestSignIn">
        <test-method signature="signIn()[pri:0, instance:Amazon_Login_Automate.AmazonProject.TestSignIn@3857f613]" started-at="2025-10-16T00:24:59 IST" name="signIn" finished-at="2025-10-16T00:25:14 IST" duration-ms="15043" status="PASS">
          <reporter-output>
          </reporter-output>
        </test-method> <!-- signIn -->
      </class> <!-- Amazon_Login_Automate.AmazonProject.TestSignIn -->
      <class name="Amazon_Login_Automate.AmazonProject.TestProductDetail">
        <test-method signature="productDetail()[pri:0, instance:Amazon_Login_Automate.AmazonProject.TestProductDetail@3c9754d8]" started-at="2025-10-16T00:25:19 IST" name="productDetail" finished-at="2025-10-16T00:25:28 IST" duration-ms="9238" status="FAIL">
          <exception class="java.lang.AssertionError">
            <message>
              <![CDATA[expected [3] but found [2]]]>
            </message>
            <full-stacktrace>
              <![CDATA[java.lang.AssertionError: expected [3] but found [2]
at org.testng.Assert.fail(Assert.java:111)
at org.testng.Assert.failNotEquals(Assert.java:1578)
at org.testng.Assert.assertEqualsImpl(Assert.java:150)
at org.testng.Assert.assertEquals(Assert.java:132)
at org.testng.Assert.assertEquals(Assert.java:1419)
at org.testng.Assert.assertEquals(Assert.java:1383)
at org.testng.Assert.assertEquals(Assert.java:1429)
at Amazon_Login_Automate.AmazonProject.pageObject.ProductDetail.productAddToCartOperation(ProductDetail.java:54)
at Amazon_Login_Automate.AmazonProject.TestProductDetail.productDetail(TestProductDetail.java:16)
at java.base/jdk.internal.reflect.DirectMethodHandleAccessor.invoke(DirectMethodHandleAccessor.java:103)
at java.base/java.lang.reflect.Method.invoke(Method.java:580)
at org.testng.internal.invokers.MethodInvocationHelper.invokeMethod(MethodInvocationHelper.java:141)
at org.testng.internal.invokers.TestInvoker.invokeMethod(TestInvoker.java:686)
at org.testng.internal.invokers.TestInvoker.invokeTestMethod(TestInvoker.java:230)
at org.testng.internal.invokers.MethodRunner.runInSequence(MethodRunner.java:63)
at org.testng.internal.invokers.TestInvoker$MethodInvocationAgent.invoke(TestInvoker.java:992)
at org.testng.internal.invokers.TestInvoker.invokeTestMethods(TestInvoker.java:203)
at org.testng.internal.invokers.TestMethodWorker.invokeTestMethods(TestMethodWorker.java:154)
at org.testng.internal.invokers.TestMethodWorker.run(TestMethodWorker.java:134)
at java.base/java.util.ArrayList.forEach(ArrayList.java:1596)
at org.testng.TestRunner.privateRun(TestRunner.java:739)
at org.testng.TestRunner.run(TestRunner.java:614)
at org.testng.SuiteRunner.runTest(SuiteRunner.java:421)
at org.testng.SuiteRunner.runSequentially(SuiteRunner.java:413)
at org.testng.SuiteRunner.privateRun(SuiteRunner.java:373)
at org.testng.SuiteRunner.run(SuiteRunner.java:312)
at org.testng.SuiteRunnerWorker.runSuite(SuiteRunnerWorker.java:52)
at org.testng.SuiteRunnerWorker.run(SuiteRunnerWorker.java:95)
at org.testng.TestNG.runSuitesSequentially(TestNG.java:1274)
at org.testng.TestNG.runSuitesLocally(TestNG.java:1208)
at org.testng.TestNG.runSuites(TestNG.java:1112)
at org.testng.TestNG.run(TestNG.java:1079)
at org.testng.remote.AbstractRemoteTestNG.run(AbstractRemoteTestNG.java:115)
at org.testng.remote.RemoteTestNG.initAndRun(RemoteTestNG.java:293)
at org.testng.remote.RemoteTestNG.main(RemoteTestNG.java:91)
]]>
            </full-stacktrace>
          </exception> <!-- java.lang.AssertionError -->
          <reporter-output>
          </reporter-output>
        </test-method> <!-- productDetail -->
      </class> <!-- Amazon_Login_Automate.AmazonProject.TestProductDetail -->
      <class name="Amazon_Login_Automate.AmazonProject.TestProductFilter">
        <test-method signature="prodDetail()[pri:0, instance:Amazon_Login_Automate.AmazonProject.TestProductFilter@198b6731]" started-at="2025-10-16T00:25:14 IST" name="prodDetail" finished-at="2025-10-16T00:25:16 IST" duration-ms="1468" status="PASS">
          <reporter-output>
          </reporter-output>
        </test-method> <!-- prodDetail -->
      </class> <!-- Amazon_Login_Automate.AmazonProject.TestProductFilter -->
      <class name="Amazon_Login_Automate.AmazonProject.BaseTest">
        <test-method is-config="true" signature="initializeDriver()[pri:0, instance:Amazon_Login_Automate.AmazonProject.BaseTest@31190526]" started-at="2025-10-16T00:24:48 IST" name="initializeDriver" finished-at="2025-10-16T00:24:59 IST" duration-ms="10978" status="PASS">
          <reporter-output>
          </reporter-output>
        </test-method> <!-- initializeDriver -->
      </class> <!-- Amazon_Login_Automate.AmazonProject.BaseTest -->
    </test> <!-- Test -->
  </suite> <!-- Suite -->
</testng-results>
